<?xml version="1.0" encoding="UTF-8" ?>
<testsuite tests="6" failures="2" name="com.demo.TestRunner.TestRunnerAddCustomer" time="53.007" errors="0" skipped="0">
  <properties>
    <property name="JOB_NAME" value="nopcommerce_CucumberHybridFramework"/>
    <property name="java.vendor" value="Oracle Corporation"/>
    <property name="sun.java.launcher" value="SUN_STANDARD"/>
    <property name="RUN_TESTS_DISPLAY_URL" value="http://localhost:8080/job/nopcommerce_CucumberHybridFramework/1/display/redirect?page=tests"/>
    <property name="NUMBER_OF_PROCESSORS" value="12"/>
    <property name="sun.management.compiler" value="HotSpot 64-Bit Tiered Compilers"/>
    <property name="JENKINS_HOME" value="C:\ProgramData\Jenkins\.jenkins"/>
    <property name="HUDSON_SERVER_COOKIE" value="ba966526163dbdc8"/>
    <property name="os.name" value="Windows 11"/>
    <property name="EXECUTOR_NUMBER" value="0"/>
    <property name="PATHEXT" value=".COM;.EXE;.BAT;.CMD;.VBS;.VBE;.JS;.JSE;.WSF;.WSH;.MSC"/>
    <property name="java.vm.specification.vendor" value="Oracle Corporation"/>
    <property name="TEMP" value="C:\WINDOWS\TEMP"/>
    <property name="NODE_LABELS" value="built-in"/>
    <property name="java.runtime.version" value="17.0.7+8-LTS-224"/>
    <property name="WINSW_SERVICE_ID" value="jenkins"/>
    <property name="user.name" value="SUMEDHKRISHNA$"/>
    <property name="guice.disable.misplaced.annotation.check" value="true"/>
    <property name="CommonProgramW6432" value="C:\Program Files\Common Files"/>
    <property name="ProgramFiles" value="C:\Program Files"/>
    <property name="user.language" value="en"/>
    <property name="JOB_BASE_NAME" value="nopcommerce_CucumberHybridFramework"/>
    <property name="RUN_CHANGES_DISPLAY_URL" value="http://localhost:8080/job/nopcommerce_CucumberHybridFramework/1/display/redirect?page=changes"/>
    <property name="BUILD_DISPLAY_NAME" value="#1"/>
    <property name="sun.boot.library.path" value="C:\Program Files\Java\jdk-17\bin"/>
    <property name="java.vm.compressedOopsMode" value="Zero based"/>
    <property name="LOCALAPPDATA" value="C:\WINDOWS\system32\config\systemprofile\AppData\Local"/>
    <property name="java.version" value="17.0.7"/>
    <property name="user.timezone" value="America/New_York"/>
    <property name="PROCESSOR_LEVEL" value="6"/>
    <property name="USERNAME" value="SUMEDHKRISHNA$"/>
    <property name="sun.arch.data.model" value="64"/>
    <property name="NODE_NAME" value="built-in"/>
    <property name="BUILD_ID" value="1"/>
    <property name="sun.cpu.isalist" value="amd64"/>
    <property name="sun.jnu.encoding" value="Cp1252"/>
    <property name="maven.conf" value="C:\apache-maven-3.8.8\conf"/>
    <property name="file.separator" value="\"/>
    <property name="java.specification.name" value="Java Platform API Specification"/>
    <property name="java.class.version" value="61.0"/>
    <property name="org.slf4j.simpleLogger.defaultLogLevel" value="info"/>
    <property name="user.country" value="US"/>
    <property name="ALLUSERSPROFILE" value="C:\ProgramData"/>
    <property name="java.home" value="C:\Program Files\Java\jdk-17"/>
    <property name="java.vm.info" value="mixed mode, sharing"/>
    <property name="os.version" value="10.0"/>
    <property name="RUN_DISPLAY_URL" value="http://localhost:8080/job/nopcommerce_CucumberHybridFramework/1/display/redirect"/>
    <property name="TMP" value="C:\WINDOWS\TEMP"/>
    <property name="path.separator" value=";"/>
    <property name="RUN_ARTIFACTS_DISPLAY_URL" value="http://localhost:8080/job/nopcommerce_CucumberHybridFramework/1/display/redirect?page=artifacts"/>
    <property name="java.vm.version" value="17.0.7+8-LTS-224"/>
    <property name="user.variant" value=""/>
    <property name="CommonProgramFiles(x86)" value="C:\Program Files (x86)\Common Files"/>
    <property name="JOB_DISPLAY_URL" value="http://localhost:8080/job/nopcommerce_CucumberHybridFramework/display/redirect"/>
    <property name="CommonProgramFiles" value="C:\Program Files\Common Files"/>
    <property name="JAVA_HOME" value="C:\Program Files\Java\jdk-17\"/>
    <property name="sun.io.unicode.encoding" value="UnicodeLittle"/>
    <property name="ComSpec" value="C:\WINDOWS\system32\cmd.exe"/>
    <property name="SERVICE_ID" value="jenkins"/>
    <property name="COMPUTERNAME" value="SUMEDHKRISHNA"/>
    <property name="user.script" value=""/>
    <property name="user.home" value="C:\WINDOWS\system32\config\systemprofile"/>
    <property name="PUBLIC" value="C:\Users\Public"/>
    <property name="BUILD_TAG" value="jenkins-nopcommerce_CucumberHybridFramework-1"/>
    <property name="JENKINS_SERVER_COOKIE" value="ba966526163dbdc8"/>
    <property name="HUDSON_URL" value="http://localhost:8080/"/>
    <property name="ProgramData" value="C:\ProgramData"/>
    <property name="java.version.date" value="2023-04-18"/>
    <property name="java.specification.vendor" value="Oracle Corporation"/>
    <property name="USERPROFILE" value="C:\WINDOWS\system32\config\systemprofile"/>
    <property name="CLASSPATH" value=""/>
    <property name="java.library.path" value="C:\Program Files\Java\jdk-17\bin;C:\WINDOWS\Sun\Java\bin;C:\WINDOWS\system32;C:\WINDOWS;C:\apache-maven-3.8.8\/bin;C:\Program Files\Java\jdk-17\/bin;C:\Program Files\Java\jdk-17\/bin;C:\WINDOWS\system32;C:\WINDOWS;C:\WINDOWS\System32\Wbem;C:\WINDOWS\System32\WindowsPowerShell\v1.0\;C:\WINDOWS\System32\OpenSSH\;C:\Program Files\Git\cmd;C:\Program Files\Common Files\Oracle\Java\javapath;C:\apache-maven-3.8.8\bin\;C:\apache-maven-3.8.8\lib\;C:\Program Files\Java\jdk-17\bin;C:\Program Files\Java\jdk-17\lib;C:\Program Files\Java\jdk-17;C:\WINDOWS\system32\config\systemprofile\AppData\Local\Microsoft\WindowsApps;."/>
    <property name="java.vendor.url" value="https://java.oracle.com/"/>
    <property name="java.vm.vendor" value="Oracle Corporation"/>
    <property name="APPDATA" value="C:\WINDOWS\system32\config\systemprofile\AppData\Roaming"/>
    <property name="ZES_ENABLE_SYSMAN" value="1"/>
    <property name="java.runtime.name" value="Java(TM) SE Runtime Environment"/>
    <property name="maven.home" value="C:\apache-maven-3.8.8"/>
    <property name="java.class.path" value="C:\ProgramData\Jenkins\.jenkins\plugins\maven-plugin\WEB-INF\lib\maven35-agent-1.14.jar;C:\apache-maven-3.8.8\boot\plexus-classworlds-2.6.0.jar;C:\apache-maven-3.8.8/conf/logging"/>
    <property name="sun.java.command" value="jenkins.maven3.agent.Maven35Main C:\apache-maven-3.8.8\ C:\ProgramData\Jenkins\war\WEB-INF\lib\remoting-3107.v665000b_51092.jar C:\ProgramData\Jenkins\.jenkins\plugins\maven-plugin\WEB-INF\lib\maven35-interceptor-1.14.jar C:\ProgramData\Jenkins\.jenkins\plugins\maven-plugin\WEB-INF\lib\maven3-interceptor-commons-1.14.jar 51271"/>
    <property name="native.encoding" value="Cp1252"/>
    <property name="Path" value="C:\Program Files\Java\jdk-17\/bin;C:\WINDOWS\system32;C:\WINDOWS;C:\WINDOWS\System32\Wbem;C:\WINDOWS\System32\WindowsPowerShell\v1.0\;C:\WINDOWS\System32\OpenSSH\;C:\Program Files\Git\cmd;C:\Program Files\Common Files\Oracle\Java\javapath;C:\apache-maven-3.8.8\bin\;C:\apache-maven-3.8.8\lib\;C:\Program Files\Java\jdk-17\bin;C:\Program Files\Java\jdk-17\lib;C:\Program Files\Java\jdk-17;C:\WINDOWS\system32\config\systemprofile\AppData\Local\Microsoft\WindowsApps"/>
    <property name="jdk.debug" value="release"/>
    <property name="PROCESSOR_ARCHITECTURE" value="AMD64"/>
    <property name="java.vm.specification.name" value="Java Virtual Machine Specification"/>
    <property name="jansi.mode" value="strip"/>
    <property name="PATH+JDK" value="C:\Program Files\Java\jdk-17\/bin"/>
    <property name="PROCESSOR_IDENTIFIER" value="Intel64 Family 6 Model 154 Stepping 4, GenuineIntel"/>
    <property name="java.vm.specification.version" value="17"/>
    <property name="M2_HOME" value="C:\apache-maven-3.8.8\"/>
    <property name="sun.cpu.endian" value="little"/>
    <property name="sun.os.patch.level" value=""/>
    <property name="OS" value="Windows_NT"/>
    <property name="CI" value="true"/>
    <property name="java.io.tmpdir" value="C:\WINDOWS\TEMP\"/>
    <property name="HUDSON_HOME" value="C:\ProgramData\Jenkins\.jenkins"/>
    <property name="PATH+MAVEN" value="C:\apache-maven-3.8.8\/bin"/>
    <property name="ProgramFiles(x86)" value="C:\Program Files (x86)"/>
    <property name="java.vendor.url.bug" value="https://bugreport.java.com/bugreport/"/>
    <property name="BUILD_URL" value="http://localhost:8080/job/nopcommerce_CucumberHybridFramework/1/"/>
    <property name="SystemRoot" value="C:\WINDOWS"/>
    <property name="os.arch" value="amd64"/>
    <property name="user.dir" value="C:\Users\anush\eclipse-workspace\CucumberHybridFramework"/>
    <property name="JOB_URL" value="http://localhost:8080/job/nopcommerce_CucumberHybridFramework/"/>
    <property name="USERDOMAIN" value="WORKGROUP"/>
    <property name="MAVEN_HOME" value="C:\apache-maven-3.8.8\"/>
    <property name="line.separator" value="
"/>
    <property name="java.vm.name" value="Java HotSpot(TM) 64-Bit Server VM"/>
    <property name="BASE" value="C:\Program Files\Jenkins"/>
    <property name="BUILD_NUMBER" value="1"/>
    <property name="PROCESSOR_REVISION" value="9a04"/>
    <property name="JENKINS_URL" value="http://localhost:8080/"/>
    <property name="ProgramW6432" value="C:\Program Files"/>
    <property name="windir" value="C:\WINDOWS"/>
    <property name="file.encoding" value="Cp1252"/>
    <property name="SystemDrive" value="C:"/>
    <property name="maven3.interceptor" value="C:\ProgramData\Jenkins\.jenkins\plugins\maven-plugin\WEB-INF\lib\maven35-interceptor-1.14.jar"/>
    <property name="WORKSPACE_TMP" value="C:\ProgramData\Jenkins\.jenkins\workspace\nopcommerce_CucumberHybridFramework@tmp"/>
    <property name="WORKSPACE" value="C:\ProgramData\Jenkins\.jenkins\workspace\nopcommerce_CucumberHybridFramework"/>
    <property name="maven3.interceptor.common" value="C:\ProgramData\Jenkins\.jenkins\plugins\maven-plugin\WEB-INF\lib\maven3-interceptor-commons-1.14.jar"/>
    <property name="WINSW_EXECUTABLE" value="C:\Program Files\Jenkins\jenkins.exe"/>
    <property name="PSModulePath" value="C:\Program Files\WindowsPowerShell\Modules;C:\WINDOWS\system32\WindowsPowerShell\v1.0\Modules"/>
    <property name="java.specification.version" value="17"/>
    <property name="DriverData" value="C:\Windows\System32\Drivers\DriverData"/>
  </properties>
  <testcase classname="Customers" name="Add a new customer" time="18.671"/>
  <testcase classname="Customers" name="Search customer by using Emailid" time="9.001">
    <failure type="java.lang.AssertionError">java.lang.AssertionError
	at org.junit.Assert.fail(Assert.java:87)
	at org.junit.Assert.assertTrue(Assert.java:42)
	at org.junit.Assert.assertTrue(Assert.java:53)
	at com.demo.StepDefinitions.StepDefinitions.user_should_found_email_in_the_search_table(StepDefinitions.java:232)
	at ✽.user should found email in the search table(file:///C:/Users/anush/eclipse-workspace/CucumberHybridFramework/./Features/customer.feature:25)
</failure>
    <system-out>
@regression
Scenario: Search customer by using Emailid                                                             # Features/customer.feature:22
 INFO [main] (StepDefinitions.java:57)- User launch the browser
  Given User launch the browser                                                                        # com.demo.StepDefinitions.StepDefinitions.user_launch_the_browser()
 INFO [main] (StepDefinitions.java:69)- user opens the URL
  When user opens the URL &quot;https://admin-demo.nopcommerce.com/login&quot;                                   # com.demo.StepDefinitions.StepDefinitions.user_opens_the_url(java.lang.String)
 INFO [main] (StepDefinitions.java:78)- user enters email  and password 
  And user enters email &quot;admin@yourstore.com&quot; and password &quot;admin&quot;                                     # com.demo.StepDefinitions.StepDefinitions.user_enters_email_and_password(java.lang.String,java.lang.String)
 INFO [main] (StepDefinitions.java:86)- user clicks login button
  And user clicks login button                                                                         # com.demo.StepDefinitions.StepDefinitions.user_clicks_login_button()
************Dashboard / nopCommerce administration
 INFO [main] (StepDefinitions.java:104)- user navigated to home page
  Then user should navigated to home page and title should be &quot;Dashboard / nopCommerce administration&quot; # com.demo.StepDefinitions.StepDefinitions.user_should_navigated_to_home_page_and_title_should_be(java.lang.String)
 INFO [main] (StepDefinitions.java:134)- user clicks on Customer menu 
  When user clicks on Customer menu                                                                    # com.demo.StepDefinitions.StepDefinitions.user_clicks_on_customer_menu()
 INFO [main] (StepDefinitions.java:142)- user clicks on customer menu item 
  And user clicks on customer menu item                                                                # com.demo.StepDefinitions.StepDefinitions.user_clicks_on_customer_menu_item()
 INFO [main] (StepDefinitions.java:215)- user enters customer email to search
  When user enters customer email                                                                      # com.demo.StepDefinitions.StepDefinitions.user_enters_customer_email()
 INFO [main] (StepDefinitions.java:224)- user clicks on the search button
  And user clicks on the search button                                                                 # com.demo.StepDefinitions.StepDefinitions.user_clicks_on_the_search_button()
%%%%%%%%%%%%%%%%%%%%No data available in table
  Then user should found email in the search table                                                     # com.demo.StepDefinitions.StepDefinitions.user_should_found_email_in_the_search_table()
      java.lang.AssertionError
	at org.junit.Assert.fail(Assert.java:87)
	at org.junit.Assert.assertTrue(Assert.java:42)
	at org.junit.Assert.assertTrue(Assert.java:53)
	at com.demo.StepDefinitions.StepDefinitions.user_should_found_email_in_the_search_table(StepDefinitions.java:232)
	at âœ½.user should found email in the search table(file:///C:/Users/anush/eclipse-workspace/CucumberHybridFramework/./Features/customer.feature:25)

  And close the browser                                                                                # com.demo.StepDefinitions.StepDefinitions.close_the_browser()
</system-out>
    <system-err>May 21, 2023 9:05:42 PM org.openqa.selenium.manager.SeleniumManager getDriverPath
INFO: Applicable driver not found; attempting to install with Selenium Manager (Beta)
Starting ChromeDriver 113.0.5672.63 (0e1a4471d5ae5bf128b1bd8f4d627c8cbd55f70c-refs/branch-heads/5672@{#912}) on port 42396
Only local connections are allowed.
Please see https://chromedriver.chromium.org/security-considerations for suggestions on keeping ChromeDriver safe.
ChromeDriver was started successfully.
</system-err>
  </testcase>
  <testcase classname="Customers" name="Search customer by using First name and last name" time="9.846"/>
  <testcase classname="Login" name="Login with valid credentials" time="7.504"/>
  <testcase classname="Login" name="Login with multiple credentials(Data Driven) #1" time="5.08"/>
  <testcase classname="Login" name="Login with multiple credentials(Data Driven) #2" time="2.905">
    <failure type="java.lang.AssertionError">java.lang.AssertionError
	at org.junit.Assert.fail(Assert.java:87)
	at org.junit.Assert.assertTrue(Assert.java:42)
	at org.junit.Assert.assertTrue(Assert.java:53)
	at com.demo.StepDefinitions.StepDefinitions.user_should_navigated_to_home_page_and_title_should_be(StepDefinitions.java:97)
	at ✽.user should navigated to home page and title should be &quot;Dashboard / nopCommerce administration&quot;(file:///C:/Users/anush/eclipse-workspace/CucumberHybridFramework/./Features/login.feature:20)
</failure>
    <system-out>
@regression
Scenario Outline: Login with multiple credentials(Data Driven)                                         # Features/login.feature:28
 INFO [main] (StepDefinitions.java:57)- User launch the browser
  Given User launch the browser                                                                        # com.demo.StepDefinitions.StepDefinitions.user_launch_the_browser()
 INFO [main] (StepDefinitions.java:69)- user opens the URL
  When user opens the URL &quot;https://admin-demo.nopcommerce.com/login&quot;                                   # com.demo.StepDefinitions.StepDefinitions.user_opens_the_url(java.lang.String)
 INFO [main] (StepDefinitions.java:78)- user enters email  and password 
  And user enters email &quot;admin@yourstore.com&quot; and password &quot;admin123&quot;                                  # com.demo.StepDefinitions.StepDefinitions.user_enters_email_and_password(java.lang.String,java.lang.String)
 INFO [main] (StepDefinitions.java:86)- user clicks login button
  And user clicks login button                                                                         # com.demo.StepDefinitions.StepDefinitions.user_clicks_login_button()
 INFO [main] (StepDefinitions.java:95)-  Login was unsuccessful
  Then user should navigated to home page and title should be &quot;Dashboard / nopCommerce administration&quot; # com.demo.StepDefinitions.StepDefinitions.user_should_navigated_to_home_page_and_title_should_be(java.lang.String)
      java.lang.AssertionError
	at org.junit.Assert.fail(Assert.java:87)
	at org.junit.Assert.assertTrue(Assert.java:42)
	at org.junit.Assert.assertTrue(Assert.java:53)
	at com.demo.StepDefinitions.StepDefinitions.user_should_navigated_to_home_page_and_title_should_be(StepDefinitions.java:97)
	at âœ½.user should navigated to home page and title should be &quot;Dashboard / nopCommerce administration&quot;(file:///C:/Users/anush/eclipse-workspace/CucumberHybridFramework/./Features/login.feature:20)

  When user clicks on Logout button                                                                    # com.demo.StepDefinitions.StepDefinitions.user_clicks_on_logout_button()
  Then user navigated to login page and title of the page should be &quot;Your store. Login&quot;                # com.demo.StepDefinitions.StepDefinitions.user_navigated_to_login_page_and_title_of_the_page_should_be(java.lang.String)
  And close the browser                                                                                # com.demo.StepDefinitions.StepDefinitions.close_the_browser()
</system-out>
    <system-err>May 21, 2023 9:06:14 PM org.openqa.selenium.manager.SeleniumManager getDriverPath
INFO: Applicable driver not found; attempting to install with Selenium Manager (Beta)
Starting ChromeDriver 113.0.5672.63 (0e1a4471d5ae5bf128b1bd8f4d627c8cbd55f70c-refs/branch-heads/5672@{#912}) on port 9583
Only local connections are allowed.
Please see https://chromedriver.chromium.org/security-considerations for suggestions on keeping ChromeDriver safe.
ChromeDriver was started successfully.
</system-err>
  </testcase>
</testsuite>